{
  "stats": {
    "suites": 1,
    "tests": 3,
    "passes": 3,
    "pending": 0,
    "failures": 0,
    "start": "2023-10-05T23:00:49.118Z",
    "end": "2023-10-05T23:00:53.154Z",
    "duration": 4036,
    "testsRegistered": 3,
    "passPercent": 100,
    "pendingPercent": 0,
    "other": 0,
    "hasOther": false,
    "skipped": 0,
    "hasSkipped": false
  },
  "results": [
    {
      "uuid": "9dc49eff-a212-4135-8c20-761af3d25a02",
      "title": "",
      "fullFile": "cypress/e2e/04.TestCoverage.cy.js",
      "file": "cypress/e2e/04.TestCoverage.cy.js",
      "beforeHooks": [],
      "afterHooks": [],
      "tests": [],
      "suites": [
        {
          "uuid": "6fbfd1e1-260d-4adc-9fc2-6261b4f4be94",
          "title": "4 - Desenvolva testes para atingir 60% de cobertura total da aplicação:",
          "fullFile": "",
          "file": "",
          "beforeHooks": [],
          "afterHooks": [],
          "tests": [
            {
              "title": "Cobertura de \"Statements\" total deverá ser maior ou igual a 60.",
              "fullTitle": "4 - Desenvolva testes para atingir 60% de cobertura total da aplicação: Cobertura de \"Statements\" total deverá ser maior ou igual a 60.",
              "timedOut": null,
              "duration": 3976,
              "state": "passed",
              "speed": "fast",
              "pass": true,
              "fail": false,
              "pending": false,
              "context": null,
              "code": "cy.getCoverage().its('total.statements.pct', {\n  timeout: 0\n}).should('be.gte', 60.00);",
              "err": {},
              "uuid": "1981e2df-da13-497f-81af-76238716ab99",
              "parentUUID": "6fbfd1e1-260d-4adc-9fc2-6261b4f4be94",
              "isHook": false,
              "skipped": false
            },
            {
              "title": "Cobertura de \"Functions\" total deverá ser maior ou igual a 60.",
              "fullTitle": "4 - Desenvolva testes para atingir 60% de cobertura total da aplicação: Cobertura de \"Functions\" total deverá ser maior ou igual a 60.",
              "timedOut": null,
              "duration": 11,
              "state": "passed",
              "speed": "fast",
              "pass": true,
              "fail": false,
              "pending": false,
              "context": null,
              "code": "cy.getCoverage().its('total.functions.pct', {\n  timeout: 0\n}).should('be.gte', 60.00);",
              "err": {},
              "uuid": "c9a57a48-6696-4436-906a-c6b2f11d4b38",
              "parentUUID": "6fbfd1e1-260d-4adc-9fc2-6261b4f4be94",
              "isHook": false,
              "skipped": false
            },
            {
              "title": "Cobertura de \"Branches\" total deverá ser maior ou igual a 60.",
              "fullTitle": "4 - Desenvolva testes para atingir 60% de cobertura total da aplicação: Cobertura de \"Branches\" total deverá ser maior ou igual a 60.",
              "timedOut": null,
              "duration": 8,
              "state": "passed",
              "speed": "fast",
              "pass": true,
              "fail": false,
              "pending": false,
              "context": null,
              "code": "cy.getCoverage().its('total.branches.pct', {\n  timeout: 0\n}).should('be.gte', 60.00);",
              "err": {},
              "uuid": "3cba3e7a-42cb-40f1-a58e-e93c3a123c06",
              "parentUUID": "6fbfd1e1-260d-4adc-9fc2-6261b4f4be94",
              "isHook": false,
              "skipped": false
            }
          ],
          "suites": [],
          "passes": [
            "1981e2df-da13-497f-81af-76238716ab99",
            "c9a57a48-6696-4436-906a-c6b2f11d4b38",
            "3cba3e7a-42cb-40f1-a58e-e93c3a123c06"
          ],
          "failures": [],
          "pending": [],
          "skipped": [],
          "duration": 3995,
          "root": false,
          "rootEmpty": false,
          "_timeout": 2000
        }
      ],
      "passes": [],
      "failures": [],
      "pending": [],
      "skipped": [],
      "duration": 0,
      "root": true,
      "rootEmpty": true,
      "_timeout": 2000
    }
  ],
  "meta": {
    "mocha": {
      "version": "7.0.1"
    },
    "mochawesome": {
      "options": {
        "quiet": false,
        "reportFilename": "mochawesome",
        "saveHtml": false,
        "saveJson": true,
        "consoleReporter": "spec",
        "useInlineDiffs": false,
        "code": true
      },
      "version": "7.1.3"
    },
    "marge": {
      "options": {
        "id": "default",
        "reportDir": "cypress/reports",
        "overwrite": false,
        "html": false,
        "json": true
      },
      "version": "6.2.0"
    }
  }
}