{
  "stats": {
    "suites": 1,
    "tests": 3,
    "passes": 3,
    "pending": 0,
    "failures": 0,
    "start": "2023-10-05T23:00:59.032Z",
    "end": "2023-10-05T23:00:59.100Z",
    "duration": 68,
    "testsRegistered": 3,
    "passPercent": 100,
    "pendingPercent": 0,
    "other": 0,
    "hasOther": false,
    "skipped": 0,
    "hasSkipped": false
  },
  "results": [
    {
      "uuid": "3a6fdb8d-ad05-4237-abe0-1b511cf223c6",
      "title": "",
      "fullFile": "cypress/e2e/08.TestCoverage.cy.js",
      "file": "cypress/e2e/08.TestCoverage.cy.js",
      "beforeHooks": [],
      "afterHooks": [],
      "tests": [],
      "suites": [
        {
          "uuid": "a1062c81-5832-40a4-bd6c-abe4e0304b1e",
          "title": "8 - Desenvolva testes para atingir 90% de cobertura total da aplicação:",
          "fullFile": "",
          "file": "",
          "beforeHooks": [],
          "afterHooks": [],
          "tests": [
            {
              "title": "Cobertura de \"Statements\" total deverá ser maior ou igual a 90.",
              "fullTitle": "8 - Desenvolva testes para atingir 90% de cobertura total da aplicação: Cobertura de \"Statements\" total deverá ser maior ou igual a 90.",
              "timedOut": null,
              "duration": 40,
              "state": "passed",
              "speed": "fast",
              "pass": true,
              "fail": false,
              "pending": false,
              "context": null,
              "code": "cy.getCoverage().its('total.statements.pct', {\n  timeout: 0\n}).should('be.gte', 90.00);",
              "err": {},
              "uuid": "a8bca62a-9135-4831-9c23-07cd916ffd2b",
              "parentUUID": "a1062c81-5832-40a4-bd6c-abe4e0304b1e",
              "isHook": false,
              "skipped": false
            },
            {
              "title": "Cobertura de \"Functions\" total deverá ser maior ou igual a 90.",
              "fullTitle": "8 - Desenvolva testes para atingir 90% de cobertura total da aplicação: Cobertura de \"Functions\" total deverá ser maior ou igual a 90.",
              "timedOut": null,
              "duration": 10,
              "state": "passed",
              "speed": "fast",
              "pass": true,
              "fail": false,
              "pending": false,
              "context": null,
              "code": "cy.getCoverage().its('total.functions.pct', {\n  timeout: 0\n}).should('be.gte', 90.00);",
              "err": {},
              "uuid": "93f98471-3270-4978-b51a-a4fcb6fb20c5",
              "parentUUID": "a1062c81-5832-40a4-bd6c-abe4e0304b1e",
              "isHook": false,
              "skipped": false
            },
            {
              "title": "Cobertura de \"Branches\" total deverá ser maior ou igual a 90.",
              "fullTitle": "8 - Desenvolva testes para atingir 90% de cobertura total da aplicação: Cobertura de \"Branches\" total deverá ser maior ou igual a 90.",
              "timedOut": null,
              "duration": 8,
              "state": "passed",
              "speed": "fast",
              "pass": true,
              "fail": false,
              "pending": false,
              "context": null,
              "code": "cy.getCoverage().its('total.branches.pct', {\n  timeout: 0\n}).should('be.gte', 90.00);",
              "err": {},
              "uuid": "a5ce8243-fd6e-4a12-a46b-fdb3005c51f0",
              "parentUUID": "a1062c81-5832-40a4-bd6c-abe4e0304b1e",
              "isHook": false,
              "skipped": false
            }
          ],
          "suites": [],
          "passes": [
            "a8bca62a-9135-4831-9c23-07cd916ffd2b",
            "93f98471-3270-4978-b51a-a4fcb6fb20c5",
            "a5ce8243-fd6e-4a12-a46b-fdb3005c51f0"
          ],
          "failures": [],
          "pending": [],
          "skipped": [],
          "duration": 58,
          "root": false,
          "rootEmpty": false,
          "_timeout": 2000
        }
      ],
      "passes": [],
      "failures": [],
      "pending": [],
      "skipped": [],
      "duration": 0,
      "root": true,
      "rootEmpty": true,
      "_timeout": 2000
    }
  ],
  "meta": {
    "mocha": {
      "version": "7.0.1"
    },
    "mochawesome": {
      "options": {
        "quiet": false,
        "reportFilename": "mochawesome",
        "saveHtml": false,
        "saveJson": true,
        "consoleReporter": "spec",
        "useInlineDiffs": false,
        "code": true
      },
      "version": "7.1.3"
    },
    "marge": {
      "options": {
        "id": "default",
        "reportDir": "cypress/reports",
        "overwrite": false,
        "html": false,
        "json": true
      },
      "version": "6.2.0"
    }
  }
}